error: Metodo: GET en ruta /664bee280f58f21e6fd - 27/5/2024 22:25:42: Cast to ObjectId failed for value "664bee280f58f21e6fd" (type string) at path "_id" for model "products"
error: Metodo: DELETE en ruta /6642be64407375ae2dd000aa - 27/5/2024 22:27:13: Usuario no autorizado
error: Error al generar logs: colors[Colorizer.allColors[lookup]] is not a function
error: Error al generar logs: colors[Colorizer.allColors[lookup]] is not a function
error: Error al generar logs: colors[Colorizer.allColors[lookup]] is not a function
fatal: Este es un mensaje de fatal
fatal: Este es un mensaje de fatal
fatal: Este es un mensaje de fatal
fatal: Este es un mensaje de fatal
fatal: Este es un mensaje de fatal
fatal: Este es un mensaje de fatal
error: Metodo: GET en ruta /65ef06636979d967b5d9aa14 - 27/5/2024 23:18:46: El producto que buscas no existe
fatal: Este es un mensaje de fatal
fatal: Este es un mensaje de fatal
error: Este es un mensaje de error
fatal: Este es un mensaje de fatal
fatal: Este es un mensaje de fatal
error: Este es un mensaje de error
fatal: Este es un mensaje de fatal
fatal: Este es un mensaje de fatal
error: Este es un mensaje de error
error: Metodo: GET en ruta /purchase/6642be64407375ae2dd000aa - 27/5/2024 23:32:13: Cannot read properties of undefined (reading 'price')
error: Metodo: GET en ruta /purchase/6642be64407375ae2dd000aa - 27/5/2024 23:37:46: ticket validation failed: amount: Cast to Number failed for value "NaN" (type number) at path "amount"
error: Metodo: GET en ruta /purchase/6642be64407375ae2dd000aa - 27/5/2024 23:38:01: ticket validation failed: amount: Cast to Number failed for value "NaN" (type number) at path "amount"
error: Metodo: PUT en ruta /6642be64407375ae2dd000aa/664bee780fe61b058f21e702 - 27/5/2024 23:40:28: No se encontró el producto que buscas
error: Metodo: PUT en ruta /6642be64407375ae2dd000aa/664bef510fe61b058f21e70b - 27/5/2024 23:40:59: No se encontró el producto que buscas
error: Metodo: PUT en ruta /6642be64407375ae2dd000aa/664bee780fe61b058f21e702 - 27/5/2024 23:41:58: No se encontró el producto que buscas
error: Metodo: PUT en ruta /6642be64407375ae2dd000aa/664bef510fe61b058f21e70b - 27/5/2024 23:42:05: No se encontró el producto que buscas
error: Metodo: PUT en ruta /6642be64407375ae2dd000aa/664bef510fe61b058f21e70b - 27/5/2024 23:42:41: No se encontró el producto que buscas
error: Metodo: PUT en ruta /6642be64407375ae2dd000aa/665542119acf1ca828a0fd31 - 27/5/2024 23:45:59: No se encontró el producto que buscas
error: Metodo: GET en ruta /6642be64407375ae2dd000a9 - 3/6/2024 21:54:25: Cannot read properties of null (reading 'products')
error: Metodo: GET en ruta /6642be64407375ae2dd000a9 - 3/6/2024 21:54:40: Cannot read properties of null (reading 'products')
error: Metodo: GET en ruta /6642be64407375ae2dd000a9 - 3/6/2024 21:54:59: Cannot read properties of null (reading 'products')
error: Metodo: GET en ruta /6642be64407375ae2dd000a9 - 3/6/2024 21:55:23: Cannot read properties of null (reading 'products')
error: Metodo: POST en ruta /6642be64407375ae2dd000aa/664befa60fe61b058f21e710 - 3/6/2024 21:56:37: Usuario no autorizado
error: Metodo: POST en ruta /6642be64407375ae2dd000aa/664befa60fe61b058f21e710 - 3/6/2024 21:56:54: Usuario no autorizado
error: Metodo: POST en ruta /6642be64407375ae2dd000aa/664befa60fe61b058f21e710 - 3/6/2024 21:57:32: Usuario no autorizado
error: Metodo: POST en ruta /6642be64407375ae2dd000aa/664befa60fe61b058f21e710 - 3/6/2024 22:05:19: Assignment to constant variable.
error: Metodo: POST en ruta /6642be64407375ae2dd000aa/664befa60fe61b058f21e710 - 3/6/2024 22:10:02: Assignment to constant variable.
error: Metodo: POST en ruta /6642be64407375ae2dd000a9/664bec7e307ca2c77ecad089 - 4/6/2024 10:01:02: Cannot read properties of null (reading 'products')
error: Metodo: GET en ruta /purchase/6642be64407375ae2dd000aa - 4/6/2024 10:01:57: user is not defined
error: Metodo: GET en ruta /purchase/6642be64407375ae2dd000aa - 4/6/2024 10:05:48: Cannot access 'user' before initialization
error: Metodo: GET en ruta /purchase/6642be64407375ae2dd000aa - 4/6/2024 10:06:29: Cannot access 'user' before initialization
error: Metodo: GET en ruta /purchase/6642be64407375ae2dd000aa - 4/6/2024 10:07:33: user is not defined
error: Metodo: POST en ruta /purchase/6642be64407375ae2dd000aa - 4/6/2024 10:24:41: Cast to ObjectId failed for value "purchase" (type string) at path "_id" for model "carts"
error: Metodo: POST en ruta / - 23/6/2024 22:20:14: E11000 duplicate key error collection: test.products index: code_1 dup key: { code: "EIF-BS" }
error: Metodo: PUT en ruta /6642bea1407375ae2dd000b0/664beee50fe61b058f21e708 - 23/6/2024 23:16:37: No se encontró el producto que buscas
error: Metodo: PUT en ruta /6642bea1407375ae2dd000b0/664beee50fe61b058f21e708 - 23/6/2024 23:18:28: No se encontró el producto que buscas
error: Metodo: PUT en ruta /6642bea1407375ae2dd000b0/664beee50fe61b058f21e708 - 23/6/2024 23:21:20: No se encontró el producto que buscas
error: Metodo: PUT en ruta /6642bea1407375ae2dd000b0/664beee50fe61b058f21e708 - 23/6/2024 23:23:48: No se encontró el producto que buscas
error: Metodo: PUT en ruta /6642bea1407375ae2dd000b0/664beee50fe61b058f21e708 - 23/6/2024 23:29:12: No se encontró el producto que buscas
error: Metodo: PUT en ruta /6642bea1407375ae2dd000b0/664beee50fe61b058f21e708 - 23/6/2024 23:29:20: No se encontró el producto que buscas
error: Metodo: PUT en ruta /6642bea1407375ae2dd000b0/664beee50fe61b058f21e708 - 23/6/2024 23:35:39: No se encontró el producto que buscas
error: Metodo: POST en ruta /login - 3/8/2024 12:41:06: validateUser is not defined
error: Metodo: POST en ruta /login - 3/8/2024 12:41:32: validateUser is not defined
error: Metodo: POST en ruta /login - 3/8/2024 12:42:25: user is not defined
error: Metodo: POST en ruta /login - 3/8/2024 12:42:31: user is not defined
error: Metodo: GET en ruta /66ae59f3c1d2c61612ece873 - 3/8/2024 15:14:57: Cannot populate path `products.product` because it is not in your schema. Set the `strictPopulate` option to false to override.
error: Metodo: GET en ruta /66ae59f3c1d2c61612ece873 - 3/8/2024 15:14:57: Cannot populate path `products.product` because it is not in your schema. Set the `strictPopulate` option to false to override.
error: Metodo: GET en ruta /66ae59f3c1d2c61612ece873 - 3/8/2024 15:14:57: Cannot populate path `products.product` because it is not in your schema. Set the `strictPopulate` option to false to override.
error: Metodo: GET en ruta /:cid - 3/8/2024 21:55:39: Cast to ObjectId failed for value ":cid" (type string) at path "_id" for model "carts"
error: Metodo: GET en ruta /:cid - 3/8/2024 21:55:39: Cast to ObjectId failed for value ":cid" (type string) at path "_id" for model "carts"
error: Metodo: GET en ruta /:cid - 3/8/2024 22:47:46: Cast to ObjectId failed for value ":cid" (type string) at path "_id" for model "carts"
error: Metodo: GET en ruta /:cid - 3/8/2024 22:47:46: Cast to ObjectId failed for value ":cid" (type string) at path "_id" for model "carts"
error: Metodo: GET en ruta /:cid - 3/8/2024 22:49:45: Cast to ObjectId failed for value ":cid" (type string) at path "_id" for model "carts"
error: Metodo: GET en ruta /:cid - 3/8/2024 22:49:45: Cast to ObjectId failed for value ":cid" (type string) at path "_id" for model "carts"
error: Metodo: GET en ruta /:cid - 3/8/2024 22:49:51: Cast to ObjectId failed for value ":cid" (type string) at path "_id" for model "carts"
error: Metodo: GET en ruta /:cid - 3/8/2024 22:50:08: Cast to ObjectId failed for value ":cid" (type string) at path "_id" for model "carts"
error: Metodo: GET en ruta /:cid - 3/8/2024 22:52:01: Cast to ObjectId failed for value ":cid" (type string) at path "_id" for model "carts"
error: Metodo: GET en ruta /:cid - 3/8/2024 22:52:01: Cast to ObjectId failed for value ":cid" (type string) at path "_id" for model "carts"
error: Metodo: GET en ruta /:cid - 3/8/2024 22:52:24: Cast to ObjectId failed for value ":cid" (type string) at path "_id" for model "carts"
error: Metodo: GET en ruta /:cid - 3/8/2024 22:52:24: Cast to ObjectId failed for value ":cid" (type string) at path "_id" for model "carts"
error: Metodo: GET en ruta /:cid - 3/8/2024 22:52:38: Cast to ObjectId failed for value ":cid" (type string) at path "_id" for model "carts"
error: Metodo: GET en ruta /:cid - 3/8/2024 22:52:43: Cast to ObjectId failed for value ":cid" (type string) at path "_id" for model "carts"
error: Metodo: GET en ruta /:cid - 3/8/2024 22:53:40: Cast to ObjectId failed for value ":cid" (type string) at path "_id" for model "carts"
error: Metodo: GET en ruta /:cid - 3/8/2024 22:53:41: Cast to ObjectId failed for value ":cid" (type string) at path "_id" for model "carts"
error: Metodo: GET en ruta /:cid - 3/8/2024 22:53:52: Cast to ObjectId failed for value ":cid" (type string) at path "_id" for model "carts"
error: Metodo: GET en ruta /:cid - 3/8/2024 22:53:54: Cast to ObjectId failed for value ":cid" (type string) at path "_id" for model "carts"
error: Metodo: GET en ruta /:cid - 3/8/2024 22:54:04: Cast to ObjectId failed for value ":cid" (type string) at path "_id" for model "carts"
error: Metodo: POST en ruta /login - 4/8/2024 09:25:25: Cannot set headers after they are sent to the client
error: Metodo: POST en ruta /register - 4/8/2024 09:33:06: Cannot set headers after they are sent to the client
error: Metodo: POST en ruta /register - 4/8/2024 09:50:18: Cannot set headers after they are sent to the client
error: Metodo: POST en ruta /register - 4/8/2024 09:58:12: Usuario ya existente
error: Metodo: POST en ruta /register - 4/8/2024 10:07:37: Usuario ya existente
error: Metodo: POST en ruta /register - 4/8/2024 10:11:25: Usuario ya existente
error: Metodo: POST en ruta /register - 4/8/2024 10:26:48: E11000 duplicate key error collection: test.users index: email_1 dup key: { email: "gabriela@example.com" }
error: Metodo: POST en ruta /register - 4/8/2024 10:30:14: Usuario ya existente
error: Metodo: POST en ruta /register - 4/8/2024 10:35:41: Usuario ya existente
error: Metodo: POST en ruta /register - 4/8/2024 10:37:22: E11000 duplicate key error collection: test.users index: email_1 dup key: { email: "daniela@example.com" }
error: Metodo: GET en ruta /:cid - 4/8/2024 11:30:53: Cast to ObjectId failed for value ":cid" (type string) at path "_id" for model "carts"
error: Metodo: GET en ruta /:cid - 4/8/2024 11:30:53: Cast to ObjectId failed for value ":cid" (type string) at path "_id" for model "carts"
error: Metodo: GET en ruta /:cid - 4/8/2024 11:31:02: Cast to ObjectId failed for value ":cid" (type string) at path "_id" for model "carts"
error: Metodo: GET en ruta /:cid - 4/8/2024 11:31:02: Cast to ObjectId failed for value ":cid" (type string) at path "_id" for model "carts"
error: Metodo: POST en ruta /login - 4/8/2024 11:42:48: authenticateUser is not defined
error: Metodo: POST en ruta /login - 4/8/2024 11:43:47: authenticateUser is not defined
error: Metodo: POST en ruta /login - 4/8/2024 11:48:56: user is not defined
error: Metodo: GET en ruta /:cid - 4/8/2024 12:04:36: Cast to ObjectId failed for value ":cid" (type string) at path "_id" for model "carts"
error: Metodo: GET en ruta /:cid - 4/8/2024 12:04:36: Cast to ObjectId failed for value ":cid" (type string) at path "_id" for model "carts"
error: Metodo: POST en ruta /logout - 4/8/2024 12:18:08: Cannot read properties of undefined (reading 'email')
error: Metodo: POST en ruta /login - 4/8/2024 12:32:41: authenticateUser is not defined
error: Metodo: POST en ruta /login - 4/8/2024 12:36:35: user is not defined
error: Metodo: POST en ruta /logout - 4/8/2024 12:56:06: jwt malformed
error: Metodo: GET en ruta /:cid - 4/8/2024 13:04:19: Cast to ObjectId failed for value ":cid" (type string) at path "_id" for model "carts"
error: Metodo: GET en ruta /:cid - 4/8/2024 13:04:19: Cast to ObjectId failed for value ":cid" (type string) at path "_id" for model "carts"
error: Metodo: GET en ruta /:cid - 4/8/2024 13:05:01: Cast to ObjectId failed for value ":cid" (type string) at path "_id" for model "carts"
error: Metodo: GET en ruta /:cid - 4/8/2024 13:05:01: Cast to ObjectId failed for value ":cid" (type string) at path "_id" for model "carts"
error: Metodo: GET en ruta /:cid - 4/8/2024 13:06:32: Cast to ObjectId failed for value ":cid" (type string) at path "_id" for model "carts"
error: Metodo: GET en ruta /:cid - 4/8/2024 13:06:32: Cast to ObjectId failed for value ":cid" (type string) at path "_id" for model "carts"
error: Metodo: GET en ruta /:cid - 4/8/2024 13:07:28: Cast to ObjectId failed for value ":cid" (type string) at path "_id" for model "carts"
error: Metodo: POST en ruta /logout - 4/8/2024 14:55:06: jwt expired
error: Metodo: POST en ruta /logout - 4/8/2024 14:55:11: jwt expired
error: Metodo: POST en ruta /logout - 4/8/2024 14:55:45: jwt expired
error: Metodo: POST en ruta /logout - 4/8/2024 14:55:58: jwt expired
error: Metodo: POST en ruta /logout - 4/8/2024 15:08:56: jwt expired
error: Metodo: POST en ruta /logout - 4/8/2024 15:09:27: jwt malformed
error: Metodo: POST en ruta /login - 4/8/2024 16:47:34: token is not defined
error: Metodo: GET en ruta /66aff64fdd49709a1a86cda7 - 4/8/2024 19:35:47: Cannot read properties of undefined (reading '_id')
error: Metodo: GET en ruta /66aff64fdd49709a1a86cda7 - 4/8/2024 19:35:47: Cannot read properties of undefined (reading '_id')
error: Metodo: GET en ruta /66aff64fdd49709a1a86cda7 - 4/8/2024 19:37:54: Cannot read properties of undefined (reading '_id')
error: Metodo: GET en ruta /66aff64fdd49709a1a86cda7 - 4/8/2024 19:38:01: Cannot read properties of undefined (reading '_id')
error: Metodo: GET en ruta /66aff64fdd49709a1a86cda7 - 4/8/2024 19:39:56: Cannot read properties of undefined (reading '_id')
error: Metodo: GET en ruta /66aff64fdd49709a1a86cda7 - 4/8/2024 19:40:10: Cannot read properties of undefined (reading '_id')
error: Metodo: GET en ruta /66aff64fdd49709a1a86cda7 - 4/8/2024 19:40:25: Cannot read properties of undefined (reading '_id')
error: Metodo: GET en ruta /66aff64fdd49709a1a86cda7 - 4/8/2024 19:41:09: Cannot read properties of undefined (reading '_id')
error: Metodo: GET en ruta /66aff64fdd49709a1a86cda7 - 4/8/2024 19:41:35: Cannot read properties of undefined (reading '_id')
error: Metodo: GET en ruta /66aff64fdd49709a1a86cda7 - 4/8/2024 19:41:48: Cannot read properties of undefined (reading '_id')
error: Metodo: GET en ruta /66aff64fdd49709a1a86cda7 - 4/8/2024 19:41:48: Cannot read properties of undefined (reading '_id')
error: Metodo: GET en ruta /66aff64fdd49709a1a86cda7 - 4/8/2024 19:43:03: Cannot read properties of undefined (reading '_id')
error: Metodo: GET en ruta /66aff64fdd49709a1a86cda7 - 4/8/2024 19:45:22: Cannot read properties of undefined (reading '_id')
error: Metodo: GET en ruta /66aff64fdd49709a1a86cda7 - 4/8/2024 19:46:16: Cannot read properties of undefined (reading '_id')
error: Metodo: GET en ruta /66aff64fdd49709a1a86cda7 - 4/8/2024 19:53:39: Cannot read properties of undefined (reading '_id')
error: Metodo: GET en ruta /66aff64fdd49709a1a86cda7 - 4/8/2024 19:53:39: Cannot read properties of undefined (reading '_id')
error: Metodo: GET en ruta /66aff64fdd49709a1a86cda7 - 4/8/2024 19:55:51: Cannot read properties of undefined (reading '_id')
error: Metodo: GET en ruta /66aff64fdd49709a1a86cda7 - 4/8/2024 19:55:51: Cannot read properties of undefined (reading '_id')
error: Metodo: GET en ruta /66aff64fdd49709a1a86cda7 - 4/8/2024 19:56:23: Cannot read properties of undefined (reading '_id')
error: Metodo: GET en ruta /66aff64fdd49709a1a86cda7 - 4/8/2024 19:56:23: Cannot read properties of undefined (reading '_id')
error: Metodo: GET en ruta /66aff64fdd49709a1a86cda7 - 4/8/2024 20:03:32: Cannot read properties of undefined (reading '_id')
error: Metodo: GET en ruta /66aff64fdd49709a1a86cda7 - 4/8/2024 20:03:32: Cannot read properties of undefined (reading '_id')
error: Metodo: GET en ruta /66b00bc95ff22f63aa46b169 - 4/8/2024 20:17:03: Cannot read properties of undefined (reading '_id')
error: Metodo: GET en ruta /66b00bc95ff22f63aa46b169 - 4/8/2024 20:17:03: Cannot read properties of undefined (reading '_id')
error: Metodo: GET en ruta /[object%20Object] - 4/8/2024 20:18:06: Cannot read properties of undefined (reading '_id')
error: Metodo: GET en ruta /[object%20Object] - 4/8/2024 20:18:06: Cannot read properties of undefined (reading '_id')
error: Metodo: GET en ruta /[object%20Object] - 4/8/2024 20:18:18: Cannot read properties of undefined (reading '_id')
error: Metodo: GET en ruta /[object%20Object] - 4/8/2024 20:18:18: Cannot read properties of undefined (reading '_id')
error: Metodo: GET en ruta /66aff64fdd49709a1a86cda7 - 4/8/2024 20:18:50: Cannot read properties of undefined (reading '_id')
error: Metodo: GET en ruta /66aff64fdd49709a1a86cda7 - 4/8/2024 20:18:51: Cannot read properties of undefined (reading '_id')
error: Metodo: GET en ruta /66aff64fdd49709a1a86cda7 - 4/8/2024 20:20:36: Cannot read properties of undefined (reading '_id')
error: Metodo: GET en ruta /66aff64fdd49709a1a86cda7 - 4/8/2024 20:20:36: Cannot read properties of undefined (reading '_id')
error: Metodo: GET en ruta /66aff64fdd49709a1a86cda7 - 4/8/2024 20:24:40: Cannot read properties of undefined (reading '_id')
error: Metodo: GET en ruta /66aff64fdd49709a1a86cda7 - 4/8/2024 20:24:40: Cannot read properties of undefined (reading '_id')
error: Metodo: GET en ruta /66aff64fdd49709a1a86cda7 - 4/8/2024 20:31:41: Cannot read properties of undefined (reading '_id')
error: Metodo: GET en ruta /66aff64fdd49709a1a86cda7 - 4/8/2024 20:31:42: Cannot read properties of undefined (reading '_id')
error: Metodo: GET en ruta /66aff64fdd49709a1a86cda7 - 4/8/2024 20:32:22: Cannot read properties of undefined (reading '_id')
error: Metodo: GET en ruta /66aff64fdd49709a1a86cda7 - 4/8/2024 20:32:22: Cannot read properties of undefined (reading '_id')
error: Metodo: GET en ruta /66aff64fdd49709a1a86cda7 - 4/8/2024 20:38:38: Cannot read properties of undefined (reading '_id')
error: Metodo: GET en ruta /66aff64fdd49709a1a86cda7 - 4/8/2024 20:38:38: Cannot read properties of undefined (reading '_id')
