error: Metodo: GET en ruta /664bee280f58f21e6fd - 27/5/2024 22:25:42: Cast to ObjectId failed for value "664bee280f58f21e6fd" (type string) at path "_id" for model "products"
error: Metodo: DELETE en ruta /6642be64407375ae2dd000aa - 27/5/2024 22:27:13: Usuario no autorizado
error: Error al generar logs: colors[Colorizer.allColors[lookup]] is not a function
error: Error al generar logs: colors[Colorizer.allColors[lookup]] is not a function
error: Error al generar logs: colors[Colorizer.allColors[lookup]] is not a function
fatal: Este es un mensaje de fatal
fatal: Este es un mensaje de fatal
fatal: Este es un mensaje de fatal
error: Metodo: GET en ruta /65ef06636979d967b5d9aa14 - 27/5/2024 23:18:46: El producto que buscas no existe
fatal: Este es un mensaje de fatal
error: Este es un mensaje de error
warning: Este es un mensaje de warning
fatal: Este es un mensaje de fatal
error: Este es un mensaje de error
warning: Este es un mensaje de warning
fatal: Este es un mensaje de fatal
error: Este es un mensaje de error
warning: Este es un mensaje de warning
error: Metodo: GET en ruta /purchase/6642be64407375ae2dd000aa - 27/5/2024 23:32:13: Cannot read properties of undefined (reading 'price')
error: Metodo: GET en ruta /purchase/6642be64407375ae2dd000aa - 27/5/2024 23:37:46: ticket validation failed: amount: Cast to Number failed for value "NaN" (type number) at path "amount"
error: Metodo: GET en ruta /purchase/6642be64407375ae2dd000aa - 27/5/2024 23:38:01: ticket validation failed: amount: Cast to Number failed for value "NaN" (type number) at path "amount"
error: Metodo: PUT en ruta /6642be64407375ae2dd000aa/664bee780fe61b058f21e702 - 27/5/2024 23:40:28: No se encontró el producto que buscas
error: Metodo: PUT en ruta /6642be64407375ae2dd000aa/664bef510fe61b058f21e70b - 27/5/2024 23:40:59: No se encontró el producto que buscas
error: Metodo: PUT en ruta /6642be64407375ae2dd000aa/664bee780fe61b058f21e702 - 27/5/2024 23:41:58: No se encontró el producto que buscas
error: Metodo: PUT en ruta /6642be64407375ae2dd000aa/664bef510fe61b058f21e70b - 27/5/2024 23:42:05: No se encontró el producto que buscas
error: Metodo: PUT en ruta /6642be64407375ae2dd000aa/664bef510fe61b058f21e70b - 27/5/2024 23:42:41: No se encontró el producto que buscas
error: Metodo: PUT en ruta /6642be64407375ae2dd000aa/665542119acf1ca828a0fd31 - 27/5/2024 23:45:59: No se encontró el producto que buscas
error: Metodo: GET en ruta /6642be64407375ae2dd000a9 - 3/6/2024 21:54:25: Cannot read properties of null (reading 'products')
error: Metodo: GET en ruta /6642be64407375ae2dd000a9 - 3/6/2024 21:54:40: Cannot read properties of null (reading 'products')
error: Metodo: GET en ruta /6642be64407375ae2dd000a9 - 3/6/2024 21:54:59: Cannot read properties of null (reading 'products')
error: Metodo: GET en ruta /6642be64407375ae2dd000a9 - 3/6/2024 21:55:23: Cannot read properties of null (reading 'products')
error: Metodo: POST en ruta /6642be64407375ae2dd000aa/664befa60fe61b058f21e710 - 3/6/2024 21:56:37: Usuario no autorizado
error: Metodo: POST en ruta /6642be64407375ae2dd000aa/664befa60fe61b058f21e710 - 3/6/2024 21:56:54: Usuario no autorizado
error: Metodo: POST en ruta /6642be64407375ae2dd000aa/664befa60fe61b058f21e710 - 3/6/2024 21:57:32: Usuario no autorizado
error: Metodo: POST en ruta /6642be64407375ae2dd000aa/664befa60fe61b058f21e710 - 3/6/2024 22:05:19: Assignment to constant variable.
error: Metodo: POST en ruta /6642be64407375ae2dd000aa/664befa60fe61b058f21e710 - 3/6/2024 22:10:02: Assignment to constant variable.
error: Metodo: POST en ruta /6642be64407375ae2dd000a9/664bec7e307ca2c77ecad089 - 4/6/2024 10:01:02: Cannot read properties of null (reading 'products')
error: Metodo: GET en ruta /purchase/6642be64407375ae2dd000aa - 4/6/2024 10:01:57: user is not defined
error: Metodo: GET en ruta /purchase/6642be64407375ae2dd000aa - 4/6/2024 10:05:48: Cannot access 'user' before initialization
error: Metodo: GET en ruta /purchase/6642be64407375ae2dd000aa - 4/6/2024 10:06:29: Cannot access 'user' before initialization
error: Metodo: GET en ruta /purchase/6642be64407375ae2dd000aa - 4/6/2024 10:07:33: user is not defined
error: Metodo: POST en ruta /purchase/6642be64407375ae2dd000aa - 4/6/2024 10:24:41: Cast to ObjectId failed for value "purchase" (type string) at path "_id" for model "carts"
